<?xml version="1.0" encoding="UTF-8"?>
<testng-results ignored="0" total="1" passed="1" failed="0" skipped="0">
  <reporter-output>
  </reporter-output>
  <suite started-at="2024-06-09T16:00:01 IST" name="Surefire suite" finished-at="2024-06-09T16:00:06 IST" duration-ms="4551">
    <groups>
    </groups>
    <test started-at="2024-06-09T16:00:01 IST" name="Surefire test" finished-at="2024-06-09T16:00:06 IST" duration-ms="4551">
      <class name="demo.BaseTest">
        <test-method signature="Login()[pri:0, instance:demo.BaseTest@7690781]" started-at="2024-06-09T16:00:01 IST" name="Login" finished-at="2024-06-09T16:00:06 IST" duration-ms="4483" status="PASS">
          <reporter-output>
          </reporter-output>
        </test-method> <!-- Login -->
      </class> <!-- demo.BaseTest -->
    </test> <!-- Surefire test -->
  </suite> <!-- Surefire suite -->
</testng-results>
